Exporting package to 'C:\proyectos\reser-bar\documentacion\Proyectos EA\Migracion 11-06-2010\Requeriments Model.xml'
Retrieving data for export: packages
Retrieving data for export: diagram elements
Retrieving data for export: links
Retrieving data for export: constraints
Retrieving data for export: attribute tagged values
Retrieving data for export: operation tagged values
Retrieving data for export: operation parameter tagged values
Retrieving data for export: connector tagged values
Completed data retrieval
Pre-processing export tree...
Completed pre-processing
***** Processing package: Requirements Model *****
Element:0: Non-Functional Requirements
Element:1: Functional Requirements
Diagram: Requirements Model
***** Processing package: Functional Requirements *****
Element:2: Note
Element:3: User Interface
Element:4: Features
Element:5: Business Rules
Diagram: Functional Requirements
***** Processing package: Business Rules *****
Element:6: Note
Element:7: Requirement1
Diagram: Business Logic
***** Processing package: Features *****
Element:8: Note
Element:9: Feature1
Diagram: Features
***** Processing package: User Interface *****
Element:10: Note
Element:11: Note
Element:12: 
Element:13: UI Control
Element:14: 
Element:15: Screen2
Element:16: Screen1
Diagram: User Interface
***** Processing package: Non-Functional Requirements *****
Element:17: Security
Element:18: Persistence
Element:19: 
Element:20: Note
Element:21: 
Element:22: Scalability
Element:23: 
Element:24: Transport
Element:25: Performance
Element:26: 
Element:27: 
Diagram: Non-Functional Requirements
***** Processing package: Performance *****
Diagram: Performance
***** Processing package: Scalability *****
Diagram: Scalability
***** Processing package: Security *****
Diagram: Security
***** Processing package: Persistence *****
Diagram: Persistence
***** Processing package: Transport *****
Diagram: Transport
Formatting output XML...please wait
XMI Document Export Complete!
