Exporting package to 'C:\proyectos\reser-bar\documentacion\Proyectos EA\Migracion 11-06-2010\Use Case Model.xml'
Retrieving data for export: packages
Retrieving data for export: diagram elements
Retrieving data for export: links
Retrieving data for export: constraints
Retrieving data for export: attribute tagged values
Retrieving data for export: operation tagged values
Retrieving data for export: operation parameter tagged values
Retrieving data for export: connector tagged values
Completed data retrieval
Pre-processing export tree...
Completed pre-processing
***** Processing package: Use Case Model *****
Element:0: Actores
Element:1: Modelo de Casos de uso
Element:2: 
Diagram: Use Case Model
***** Processing package: Actores *****
Element:3: SuperUsuario
Element:4: Admin. de Restaurante
Element:5: Comensal
Diagram: Actors
***** Processing package: Modelo de Casos de uso *****
Element:6: Enviar Mail
Element:7: Gestión de la Información
Element:8: Búsqueda de Restaurante
Element:9: Gestión de Comensal
Element:10: Gestión de Acceso
Element:11: Gestión de Restaurante
Element:12: Validaciones
Element:13: Gestión de Ponderaciones
Element:14: Gestión de Reserva
Diagram: Módulos
***** Processing package: Búsqueda de Restaurante *****
Element:15: 18-Listar Restaurantes
Element:16: 39-Filtrar Restaurante
Diagram: Búsqueda de Restaurante
***** Processing package: Enviar Mail *****
Element:17: 53-Enviar Correo
Element:18: 21-Correo de Inivtación a evento Rechazada
Element:19: 47-Correo Novedad en Solicitud
Element:20: 06-Correo de Registración
Element:21: 50-Correo de Notificiación de Nueva Reserva
Element:22: 48-Correo Solicitud de Administrar Restaurante
Element:23: 46-Correo Invitación de Administrador
Element:24: 51-Correo de Nueva Reserva efectuada
Element:25: 49-Correo de Invitación a Evento
Element:26: 52-Correo de Reiniciar Contraseña
Diagram: Enviar Mail
***** Processing package: Gestión de Acceso *****
Element:27: 11-Cerrar Sesión
Element:28: 10-Editar Perfil de Usuario
Element:29: 01-Ingresar a Sistema
Element:30: 09-Eliminar usuario
Element:31: 07-Solicitar Cambio de Contraseña
Element:32: 04-Registrar Usuario
Element:33: 12-Recordar Contraseña
Element:34: 03-Desbloquear Contraseña
Element:35: 02-Bloquear contraseña
Diagram: Gestión de Acceso
***** Processing package: Gestión de Comensal *****
Element:36: 17-Seleccionar Restaurante
Element:37: 20-Rechazar Invitación a Evento
Element:38: 08-Registrar usuario Comensal
Element:39: 19-Aceptar Invitación a Evento
Diagram: Gestión de Comensal
***** Processing package: Gestión de la Información *****
Element:40: 61-Ver Facturación efectuada
Element:41: 66-Ver Ponderaciones de Usuario
Element:42: 62-Ver Gasto promedio por Reserva
Element:43: 63-Ver Menú más pedido
Element:44: 68-Ver Promedio cobrado a Comensal
Element:45: 59-Ver Cantidad gastada por restaurante
Element:46: 65-Ver Ponderaciones de Restaurante
Element:47: 54-Comparar Menúes
Element:48: 60-Ver Estadística
Element:49: 67-Ver Ponderaciones realizadas
Element:50: 57-Ver Cantidad de Comensales
Element:51: 64-Ver Promedio cobrado por reserva
Element:52: 55-Comparar Restaurantes
Element:53: 69-Ver Promedio cobrado por menú
Element:54: 56-Ver Cancelaciones
Element:55: 58-Ver Cantidad de visitas a restaurantes
Diagram: Gestión de la Información
***** Processing package: Gestión de Ponderaciones *****
Element:56: 40-Marcar Restaurante como Favorito
Element:57: 44-Verificar Reputación de Comensal
Element:58: 43-Valorar a Usuario
Element:59: 42-Valorar Restaurante
Element:60: 
Element:61: 41-Replicar Ponderación
Element:62: 45-Verificar Reputación de Restaurante
Diagram: Gestión de Ponderaciones
***** Processing package: Gestión de Reserva *****
Element:63: 29-Validación de Reserva
Element:64: 27-Seleccionar Evento
Element:65: 24-Generar Comprobante de Pago
Element:66: 
Element:67: 25-Invitar a Evento
Element:68: 28-Validación de Pago de Reserva
Element:69: 16-Realizar Reserva
Element:70: 26-Pago de Reserva
Element:71: 23-Elegir Menú
Diagram: Gestión de Reserva
***** Processing package: Gestión de Restaurante *****
Element:72: 31-Configurar Menúes
Element:73: 33-Disponibilizar Evento 
Element:74: 35-Editar Perfil Restaurante
Element:75: 13-Registrar usuario Administrador de Restaurante
Element:76: 30-Aceptar Medio de Pago
Element:77: 34-Editar Menú
Element:78: 15-Admitir nuevos Administradores
Element:79: 37-Eliminar Menú
Element:80: 14-Aceptar Invitación de Administrar
Element:81: 36-Editar datos de Restaurante
Element:82: 32-Crear Menú
Element:83: 38-Registrar nuevo Restaurante
Diagram: Gestión de Restaurante
***** Processing package: Validaciones *****
Element:84: 22-Generar Código de Contraseña
Element:85: 05-Validar Contraseña
Diagram: Validaciones
Formatting output XML...please wait
XMI Document Export Complete!
