
Importing Model from XMI
***** Root Package: Use Case Model *****
Add Classifier: 
Add Classifier Role: Actores
Add Classifier Role: Modelo de Casos de uso
***** Append Package: Actores *****
Add Classifier: SuperUsuario
Add Classifier: Admin. de Restaurante
Add Classifier: Comensal
***** Append Package: Modelo de Casos de uso *****
Add Classifier Role: Enviar Mail
Add Classifier Role: Gestión de la Información
Add Classifier Role: Búsqueda de Restaurante
Add Classifier Role: Gestión de Comensal
Add Classifier Role: Gestión de Acceso
Add Classifier Role: Gestión de Restaurante
Add Classifier Role: Validaciones
Add Classifier Role: Gestión de Ponderaciones
Add Classifier Role: Gestión de Reserva
***** Append Package: Búsqueda de Restaurante *****
Add Classifier: 18-Listar Restaurantes
Add Classifier: 39-Filtrar Restaurante
***** Append Package: Enviar Mail *****
Add Classifier: 53-Enviar Correo
Add Classifier: 21-Correo de Inivtación a evento Rechazada
Add Classifier: 47-Correo Novedad en Solicitud
Add Classifier: 06-Correo de Registración
Add Classifier: 50-Correo de Notificiación de Nueva Reserva
Add Classifier: 48-Correo Solicitud de Administrar Restaurante
Add Classifier: 46-Correo Invitación de Administrador
Add Classifier: 51-Correo de Nueva Reserva efectuada
Add Classifier: 49-Correo de Invitación a Evento
Add Classifier: 52-Correo de Reiniciar Contraseña
***** Append Package: Gestión de Acceso *****
Add Classifier: 11-Cerrar Sesión
Add Classifier: 10-Editar Perfil de Usuario
Add Classifier: 01-Ingresar a Sistema
Add Classifier: 09-Eliminar usuario
Add Classifier: 07-Solicitar Cambio de Contraseña
Add Classifier: 04-Registrar Usuario
Add Classifier: 12-Recordar Contraseña
Add Classifier: 03-Desbloquear Contraseña
Add Classifier: 02-Bloquear contraseña
***** Append Package: Gestión de Comensal *****
Add Classifier: 17-Seleccionar Restaurante
Add Classifier: 20-Rechazar Invitación a Evento
Add Classifier: 08-Registrar usuario Comensal
Add Classifier: 19-Aceptar Invitación a Evento
***** Append Package: Gestión de la Información *****
Add Classifier: 61-Ver Facturación efectuada
Add Classifier: 66-Ver Ponderaciones de Usuario
Add Classifier: 62-Ver Gasto promedio por Reserva
Add Classifier: 63-Ver Menú más pedido
Add Classifier: 68-Ver Promedio cobrado a Comensal
Add Classifier: 59-Ver Cantidad gastada por restaurante
Add Classifier: 65-Ver Ponderaciones de Restaurante
Add Classifier: 54-Comparar Menúes
Add Classifier: 60-Ver Estadística
Add Classifier: 67-Ver Ponderaciones realizadas
Add Classifier: 57-Ver Cantidad de Comensales
Add Classifier: 64-Ver Promedio cobrado por reserva
Add Classifier: 55-Comparar Restaurantes
Add Classifier: 69-Ver Promedio cobrado por menú
Add Classifier: 56-Ver Cancelaciones
Add Classifier: 58-Ver Cantidad de visitas a restaurantes
***** Append Package: Gestión de Ponderaciones *****
Add Classifier: 40-Marcar Restaurante como Favorito
Add Classifier: 44-Verificar Reputación de Comensal
Add Classifier: 43-Valorar a Usuario
Add Classifier: 42-Valorar Restaurante
Add Classifier: 
Add Classifier: 41-Replicar Ponderación
Add Classifier: 45-Verificar Reputación de Restaurante
***** Append Package: Gestión de Reserva *****
Add Classifier: 29-Validación de Reserva
Add Classifier: 27-Seleccionar Evento
Add Classifier: 24-Generar Comprobante de Pago
Add Classifier: 
Add Classifier: 25-Invitar a Evento
Add Classifier: 28-Validación de Pago de Reserva
Add Classifier: 16-Realizar Reserva
Add Classifier: 26-Pago de Reserva
Add Classifier: 23-Elegir Menú
***** Append Package: Gestión de Restaurante *****
Add Classifier: 31-Configurar Menúes
Add Classifier: 33-Disponibilizar Evento 
Add Classifier: 35-Editar Perfil Restaurante
Add Classifier: 13-Registrar usuario Administrador de Restaurante
Add Classifier: 30-Aceptar Medio de Pago
Add Classifier: 34-Editar Menú
Add Classifier: 15-Admitir nuevos Administradores
Add Classifier: 37-Eliminar Menú
Add Classifier: 14-Aceptar Invitación de Administrar
Add Classifier: 36-Editar datos de Restaurante
Add Classifier: 32-Crear Menú
Add Classifier: 38-Registrar nuevo Restaurante
***** Append Package: Validaciones *****
Add Classifier: 22-Generar Código de Contraseña
Add Classifier: 05-Validar Contraseña
***** Resolving Classifiers *****
***** Resolving Ownerss *****
***** Resolve Package Links *****
***** Add Extensions ******
***** Add Diagrams *****
***** Resolving DiagramIDs *****
***** Resolving Association Classes *****
***** Resolving Parameter Types *****
***** Resolving Attribute Types *****
***** Resolving Note links *****
***** Fixup external references *****
Import Complete!
